app/build/intermediates/manifest_merge_blame_file/debug/manifest-merger-blame-debug-report.txt
1<?xml version="1.0" encoding="utf-8"?>
2<manifest xmlns:android="http://schemas.android.com/apk/res/android"
3    package="com.example.wristbandapp"
4    android:versionCode="1"
5    android:versionName="1.0" >
6
7    <uses-sdk
8        android:minSdkVersion="26"
9        android:targetSdkVersion="34" />
10
11    <uses-permission android:name="android.permission.ACCESS_COARSE_LOCATION" />
11-->src\main\AndroidManifest.xml:4:5-81
11-->src\main\AndroidManifest.xml:4:22-78
12    <uses-permission android:name="android.permission.ACCESS_FINE_LOCATION" />
12-->src\main\AndroidManifest.xml:5:5-79
12-->src\main\AndroidManifest.xml:5:22-76
13    <uses-permission android:name="android.permission.ACCESS_BACKGROUND_LOCATION" />
13-->src\main\AndroidManifest.xml:6:5-85
13-->src\main\AndroidManifest.xml:6:22-82
14    <uses-permission android:name="android.permission.BLUETOOTH" />
14-->src\main\AndroidManifest.xml:8:5-68
14-->src\main\AndroidManifest.xml:8:22-65
15    <uses-permission android:name="android.permission.BLUETOOTH_ADMIN" />
15-->src\main\AndroidManifest.xml:9:5-74
15-->src\main\AndroidManifest.xml:9:22-71
16    <uses-permission android:name="android.permission.BLUETOOTH_CONNECT" />
16-->src\main\AndroidManifest.xml:10:5-76
16-->src\main\AndroidManifest.xml:10:22-73
17    <uses-permission
17-->src\main\AndroidManifest.xml:11:5-120
18        android:name="android.permission.BLUETOOTH_SCAN"
18-->src\main\AndroidManifest.xml:11:22-70
19        android:usesPermissionFlags="neverForLocation" />
19-->src\main\AndroidManifest.xml:11:71-117
20    <uses-permission android:name="android.permission.FOREGROUND_SERVICE" />
20-->src\main\AndroidManifest.xml:13:5-77
20-->src\main\AndroidManifest.xml:13:22-74
21    <uses-permission android:name="android.permission.FOREGROUND_SERVICE_LOCATION" />
21-->src\main\AndroidManifest.xml:14:5-86
21-->src\main\AndroidManifest.xml:14:22-83
22    <uses-permission android:name="android.permission.POST_NOTIFICATIONS" />
22-->src\main\AndroidManifest.xml:15:5-77
22-->src\main\AndroidManifest.xml:15:22-74
23    <uses-permission android:name="android.permission.RECEIVE_BOOT_COMPLETED" />
23-->src\main\AndroidManifest.xml:16:5-81
23-->src\main\AndroidManifest.xml:16:22-78
24    <uses-permission android:name="android.permission.SCHEDULE_EXACT_ALARM" />
24-->src\main\AndroidManifest.xml:17:5-79
24-->src\main\AndroidManifest.xml:17:22-76
25    <uses-permission android:name="android.permission.USE_EXACT_ALARM" />
25-->src\main\AndroidManifest.xml:18:5-74
25-->src\main\AndroidManifest.xml:18:22-71
26
27    <uses-feature
27-->src\main\AndroidManifest.xml:20:5-90
28        android:name="android.hardware.bluetooth_le"
28-->src\main\AndroidManifest.xml:20:19-63
29        android:required="true" />
29-->src\main\AndroidManifest.xml:20:64-87
30
31    <uses-permission android:name="android.permission.ACCESS_WIFI_STATE" />
31-->[com.google.android.libraries.places:places:3.3.0] AndroidManifest.xml:11:5-76
31-->[com.google.android.libraries.places:places:3.3.0] AndroidManifest.xml:11:22-73
32    <uses-permission android:name="android.permission.INTERNET" /> <!-- Include required permissions for Google Maps API to run. -->
32-->[com.google.android.libraries.places:places:3.3.0] AndroidManifest.xml:12:5-67
32-->[com.google.android.libraries.places:places:3.3.0] AndroidManifest.xml:12:22-64
33    <uses-permission android:name="android.permission.ACCESS_NETWORK_STATE" />
33-->[com.google.android.gms:play-services-maps:18.2.0] AndroidManifest.xml:23:5-79
33-->[com.google.android.gms:play-services-maps:18.2.0] AndroidManifest.xml:23:22-76
34
35    <uses-feature
35-->[com.google.android.gms:play-services-maps:18.2.0] AndroidManifest.xml:26:5-28:35
36        android:glEsVersion="0x00020000"
36-->[com.google.android.gms:play-services-maps:18.2.0] AndroidManifest.xml:27:9-41
37        android:required="true" />
37-->[com.google.android.gms:play-services-maps:18.2.0] AndroidManifest.xml:28:9-32
38
39    <queries>
39-->[com.google.android.gms:play-services-maps:18.2.0] AndroidManifest.xml:30:5-34:15
40
41        <!-- Needs to be explicitly declared on Android R+ -->
42        <package android:name="com.google.android.apps.maps" />
42-->[com.google.android.gms:play-services-maps:18.2.0] AndroidManifest.xml:33:9-64
42-->[com.google.android.gms:play-services-maps:18.2.0] AndroidManifest.xml:33:18-61
43    </queries>
44
45    <permission
45-->[androidx.core:core:1.9.0] AndroidManifest.xml:22:5-24:47
46        android:name="com.example.wristbandapp.DYNAMIC_RECEIVER_NOT_EXPORTED_PERMISSION"
46-->[androidx.core:core:1.9.0] AndroidManifest.xml:23:9-81
47        android:protectionLevel="signature" />
47-->[androidx.core:core:1.9.0] AndroidManifest.xml:24:9-44
48
49    <uses-permission android:name="com.example.wristbandapp.DYNAMIC_RECEIVER_NOT_EXPORTED_PERMISSION" />
49-->[androidx.core:core:1.9.0] AndroidManifest.xml:26:5-97
49-->[androidx.core:core:1.9.0] AndroidManifest.xml:26:22-94
50
51    <application
51-->src\main\AndroidManifest.xml:22:5-58:19
52        android:allowBackup="true"
52-->src\main\AndroidManifest.xml:23:9-35
53        android:appComponentFactory="androidx.core.app.CoreComponentFactory"
53-->[androidx.core:core:1.9.0] AndroidManifest.xml:28:18-86
54        android:debuggable="true"
55        android:extractNativeLibs="false"
56        android:icon="@mipmap/ic_launcher"
56-->src\main\AndroidManifest.xml:24:9-43
57        android:label="@string/app_name"
57-->src\main\AndroidManifest.xml:25:9-41
58        android:roundIcon="@mipmap/ic_launcher_round"
58-->src\main\AndroidManifest.xml:26:9-54
59        android:supportsRtl="true"
59-->src\main\AndroidManifest.xml:27:9-35
60        android:testOnly="true"
61        android:theme="@style/Theme.WristbandApp" >
61-->src\main\AndroidManifest.xml:28:9-50
62        <activity
62-->src\main\AndroidManifest.xml:29:9-36:20
63            android:name="com.example.wristbandapp.MainActivity"
63-->src\main\AndroidManifest.xml:30:13-41
64            android:exported="true" >
64-->src\main\AndroidManifest.xml:31:13-36
65            <intent-filter>
65-->src\main\AndroidManifest.xml:32:13-35:29
66                <action android:name="android.intent.action.MAIN" />
66-->src\main\AndroidManifest.xml:33:17-69
66-->src\main\AndroidManifest.xml:33:25-66
67
68                <category android:name="android.intent.category.LAUNCHER" />
68-->src\main\AndroidManifest.xml:34:17-77
68-->src\main\AndroidManifest.xml:34:27-74
69            </intent-filter>
70        </activity>
71        <activity android:name="com.example.wristbandapp.MapPickerActivity" />
71-->src\main\AndroidManifest.xml:37:9-55
71-->src\main\AndroidManifest.xml:37:19-52
72        <activity android:name="com.example.wristbandapp.AlarmActivity" />
72-->src\main\AndroidManifest.xml:38:9-51
72-->src\main\AndroidManifest.xml:38:19-48
73        <activity android:name="com.example.wristbandapp.SettingsActivity" />
73-->src\main\AndroidManifest.xml:39:9-54
73-->src\main\AndroidManifest.xml:39:19-51
74        <activity
74-->src\main\AndroidManifest.xml:41:9-44:57
75            android:name="com.example.wristbandapp.AnalyticsActivity"
75-->src\main\AndroidManifest.xml:42:13-46
76            android:exported="false"
76-->src\main\AndroidManifest.xml:43:13-37
77            android:theme="@style/Theme.WristbandApp" />
77-->src\main\AndroidManifest.xml:44:13-54
78
79        <meta-data
80            android:name="com.google.android.geo.API_KEY"
80-->src\main\AndroidManifest.xml:47:13-58
81            android:value="AIzaSyBVMtaQsJJNjbEdfgg_-DJkc5ILfhjnSuM" />
81-->src\main\AndroidManifest.xml:48:13-44
82
83        <receiver
83-->src\main\AndroidManifest.xml:50:9-52:40
84            android:name="com.example.wristbandapp.AlarmReceiver"
84-->src\main\AndroidManifest.xml:51:13-42
85            android:exported="false" />
85-->src\main\AndroidManifest.xml:52:13-37
86
87        <service
87-->src\main\AndroidManifest.xml:54:9-57:40
88            android:name="com.example.wristbandapp.LocationService"
88-->src\main\AndroidManifest.xml:55:13-44
89            android:exported="false"
89-->src\main\AndroidManifest.xml:57:13-37
90            android:foregroundServiceType="location" />
90-->src\main\AndroidManifest.xml:56:13-53
91
92        <activity
92-->[com.google.android.libraries.places:places:3.3.0] AndroidManifest.xml:15:9-21:20
93            android:name="com.google.android.libraries.places.widget.AutocompleteActivity"
93-->[com.google.android.libraries.places:places:3.3.0] AndroidManifest.xml:16:13-91
94            android:exported="false"
94-->[com.google.android.libraries.places:places:3.3.0] AndroidManifest.xml:17:13-37
95            android:label="@string/places_autocomplete_label"
95-->[com.google.android.libraries.places:places:3.3.0] AndroidManifest.xml:18:13-62
96            android:theme="@style/PlacesAutocompleteOverlay"
96-->[com.google.android.libraries.places:places:3.3.0] AndroidManifest.xml:19:13-61
97            android:windowSoftInputMode="adjustResize" >
97-->[com.google.android.libraries.places:places:3.3.0] AndroidManifest.xml:20:13-55
98        </activity> <!-- Needs to be explicitly declared on P+ -->
99        <uses-library
99-->[com.google.android.gms:play-services-maps:18.2.0] AndroidManifest.xml:39:9-41:40
100            android:name="org.apache.http.legacy"
100-->[com.google.android.gms:play-services-maps:18.2.0] AndroidManifest.xml:40:13-50
101            android:required="false" />
101-->[com.google.android.gms:play-services-maps:18.2.0] AndroidManifest.xml:41:13-37
102
103        <activity
103-->[com.google.android.gms:play-services-base:18.0.1] AndroidManifest.xml:20:9-22:45
104            android:name="com.google.android.gms.common.api.GoogleApiActivity"
104-->[com.google.android.gms:play-services-base:18.0.1] AndroidManifest.xml:20:19-85
105            android:exported="false"
105-->[com.google.android.gms:play-services-base:18.0.1] AndroidManifest.xml:22:19-43
106            android:theme="@android:style/Theme.Translucent.NoTitleBar" />
106-->[com.google.android.gms:play-services-base:18.0.1] AndroidManifest.xml:21:19-78
107
108        <meta-data
108-->[com.google.android.gms:play-services-basement:18.0.0] AndroidManifest.xml:21:9-23:69
109            android:name="com.google.android.gms.version"
109-->[com.google.android.gms:play-services-basement:18.0.0] AndroidManifest.xml:22:13-58
110            android:value="@integer/google_play_services_version" />
110-->[com.google.android.gms:play-services-basement:18.0.0] AndroidManifest.xml:23:13-66
111
112        <provider
112-->[androidx.emoji2:emoji2:1.2.0] AndroidManifest.xml:24:9-32:20
113            android:name="androidx.startup.InitializationProvider"
113-->[androidx.emoji2:emoji2:1.2.0] AndroidManifest.xml:25:13-67
114            android:authorities="com.example.wristbandapp.androidx-startup"
114-->[androidx.emoji2:emoji2:1.2.0] AndroidManifest.xml:26:13-68
115            android:exported="false" >
115-->[androidx.emoji2:emoji2:1.2.0] AndroidManifest.xml:27:13-37
116            <meta-data
116-->[androidx.emoji2:emoji2:1.2.0] AndroidManifest.xml:29:13-31:52
117                android:name="androidx.emoji2.text.EmojiCompatInitializer"
117-->[androidx.emoji2:emoji2:1.2.0] AndroidManifest.xml:30:17-75
118                android:value="androidx.startup" />
118-->[androidx.emoji2:emoji2:1.2.0] AndroidManifest.xml:31:17-49
119            <meta-data
119-->[androidx.lifecycle:lifecycle-process:2.6.1] AndroidManifest.xml:29:13-31:52
120                android:name="androidx.lifecycle.ProcessLifecycleInitializer"
120-->[androidx.lifecycle:lifecycle-process:2.6.1] AndroidManifest.xml:30:17-78
121                android:value="androidx.startup" />
121-->[androidx.lifecycle:lifecycle-process:2.6.1] AndroidManifest.xml:31:17-49
122            <meta-data
122-->[androidx.profileinstaller:profileinstaller:1.3.0] AndroidManifest.xml:29:13-31:52
123                android:name="androidx.profileinstaller.ProfileInstallerInitializer"
123-->[androidx.profileinstaller:profileinstaller:1.3.0] AndroidManifest.xml:30:17-85
124                android:value="androidx.startup" />
124-->[androidx.profileinstaller:profileinstaller:1.3.0] AndroidManifest.xml:31:17-49
125        </provider>
126
127        <service
127-->[com.google.android.datatransport:transport-backend-cct:2.3.0] AndroidManifest.xml:29:9-35:19
128            android:name="com.google.android.datatransport.runtime.backends.TransportBackendDiscovery"
128-->[com.google.android.datatransport:transport-backend-cct:2.3.0] AndroidManifest.xml:30:13-103
129            android:exported="false" >
129-->[com.google.android.datatransport:transport-backend-cct:2.3.0] AndroidManifest.xml:31:13-37
130            <meta-data
130-->[com.google.android.datatransport:transport-backend-cct:2.3.0] AndroidManifest.xml:32:13-34:39
131                android:name="backend:com.google.android.datatransport.cct.CctBackendFactory"
131-->[com.google.android.datatransport:transport-backend-cct:2.3.0] AndroidManifest.xml:33:17-94
132                android:value="cct" />
132-->[com.google.android.datatransport:transport-backend-cct:2.3.0] AndroidManifest.xml:34:17-36
133        </service>
134        <service
134-->[com.google.android.datatransport:transport-runtime:2.2.3] AndroidManifest.xml:26:9-30:19
135            android:name="com.google.android.datatransport.runtime.scheduling.jobscheduling.JobInfoSchedulerService"
135-->[com.google.android.datatransport:transport-runtime:2.2.3] AndroidManifest.xml:27:13-117
136            android:exported="false"
136-->[com.google.android.datatransport:transport-runtime:2.2.3] AndroidManifest.xml:28:13-37
137            android:permission="android.permission.BIND_JOB_SERVICE" >
137-->[com.google.android.datatransport:transport-runtime:2.2.3] AndroidManifest.xml:29:13-69
138        </service>
139
140        <receiver
140-->[com.google.android.datatransport:transport-runtime:2.2.3] AndroidManifest.xml:32:9-34:40
141            android:name="com.google.android.datatransport.runtime.scheduling.jobscheduling.AlarmManagerSchedulerBroadcastReceiver"
141-->[com.google.android.datatransport:transport-runtime:2.2.3] AndroidManifest.xml:33:13-132
142            android:exported="false" />
142-->[com.google.android.datatransport:transport-runtime:2.2.3] AndroidManifest.xml:34:13-37
143        <receiver
143-->[androidx.profileinstaller:profileinstaller:1.3.0] AndroidManifest.xml:34:9-52:20
144            android:name="androidx.profileinstaller.ProfileInstallReceiver"
144-->[androidx.profileinstaller:profileinstaller:1.3.0] AndroidManifest.xml:35:13-76
145            android:directBootAware="false"
145-->[androidx.profileinstaller:profileinstaller:1.3.0] AndroidManifest.xml:36:13-44
146            android:enabled="true"
146-->[androidx.profileinstaller:profileinstaller:1.3.0] AndroidManifest.xml:37:13-35
147            android:exported="true"
147-->[androidx.profileinstaller:profileinstaller:1.3.0] AndroidManifest.xml:38:13-36
148            android:permission="android.permission.DUMP" >
148-->[androidx.profileinstaller:profileinstaller:1.3.0] AndroidManifest.xml:39:13-57
149            <intent-filter>
149-->[androidx.profileinstaller:profileinstaller:1.3.0] AndroidManifest.xml:40:13-42:29
150                <action android:name="androidx.profileinstaller.action.INSTALL_PROFILE" />
150-->[androidx.profileinstaller:profileinstaller:1.3.0] AndroidManifest.xml:41:17-91
150-->[androidx.profileinstaller:profileinstaller:1.3.0] AndroidManifest.xml:41:25-88
151            </intent-filter>
152            <intent-filter>
152-->[androidx.profileinstaller:profileinstaller:1.3.0] AndroidManifest.xml:43:13-45:29
153                <action android:name="androidx.profileinstaller.action.SKIP_FILE" />
153-->[androidx.profileinstaller:profileinstaller:1.3.0] AndroidManifest.xml:44:17-85
153-->[androidx.profileinstaller:profileinstaller:1.3.0] AndroidManifest.xml:44:25-82
154            </intent-filter>
155            <intent-filter>
155-->[androidx.profileinstaller:profileinstaller:1.3.0] AndroidManifest.xml:46:13-48:29
156                <action android:name="androidx.profileinstaller.action.SAVE_PROFILE" />
156-->[androidx.profileinstaller:profileinstaller:1.3.0] AndroidManifest.xml:47:17-88
156-->[androidx.profileinstaller:profileinstaller:1.3.0] AndroidManifest.xml:47:25-85
157            </intent-filter>
158            <intent-filter>
158-->[androidx.profileinstaller:profileinstaller:1.3.0] AndroidManifest.xml:49:13-51:29
159                <action android:name="androidx.profileinstaller.action.BENCHMARK_OPERATION" />
159-->[androidx.profileinstaller:profileinstaller:1.3.0] AndroidManifest.xml:50:17-95
159-->[androidx.profileinstaller:profileinstaller:1.3.0] AndroidManifest.xml:50:25-92
160            </intent-filter>
161        </receiver>
162    </application>
163
164</manifest>